[ 2026-07-14 08:56:02,461 ] 12 root - INFO - Starting the training pipeline...
[ 2026-07-14 08:56:02,461 ] 21 root - INFO - Entered the Data Ingestion mehtod or components
[ 2026-07-14 08:56:02,479 ] 27 root - INFO - Read the datasets as DataFrames
[ 2026-07-14 08:56:02,512 ] 32 root - INFO - Train test split initiated
[ 2026-07-14 08:56:02,553 ] 38 root - INFO - Ingestion of the data is completed
[ 2026-07-14 08:56:02,553 ] 16 root - INFO - Data ingestion completed. Train data path: artifacts\train.csv, Test data path: artifacts\test.csv
[ 2026-07-14 08:56:02,554 ] 18 root - INFO - Starting data transformation...
[ 2026-07-14 08:56:02,654 ] 103 root - INFO - Read train and test data completed
[ 2026-07-14 08:56:02,671 ] 111 root - INFO - Rows before dropping target NaNs - Train: 4608, Test: 1153
[ 2026-07-14 08:56:02,680 ] 116 root - INFO - Rows after dropping target NaNs - Train: 3079, Test: 747
[ 2026-07-14 08:56:02,680 ] 26 root - INFO - Applying Regex cleaning logic on Memory and Storage features.
[ 2026-07-14 08:56:02,743 ] 47 root - INFO - Filtering valid ranges and removing unauthentic data rows.
[ 2026-07-14 08:56:02,750 ] 26 root - INFO - Applying Regex cleaning logic on Memory and Storage features.
[ 2026-07-14 08:56:02,770 ] 47 root - INFO - Filtering valid ranges and removing unauthentic data rows.
[ 2026-07-14 08:56:02,774 ] 124 root - INFO - Cleaning and Filtering outliers completed
[ 2026-07-14 08:56:02,774 ] 126 root - INFO - obtaining preprocessing object
[ 2026-07-14 08:56:02,774 ] 84 root - INFO - categorical columns:['Brand', 'Model', 'Color']
[ 2026-07-14 08:56:02,775 ] 85 root - INFO - numerical columns:['Memory', 'Storage', 'Rating', 'Original_Price']
[ 2026-07-14 08:56:02,780 ] 136 root - INFO - Applying preprocessing object on training and testing dataframes.
[ 2026-07-14 08:56:02,997 ] 149 root - INFO - Saving preprocessing object.
[ 2026-07-14 08:56:03,005 ] 24 root - INFO - Data transformation completed. Preprocessor path: artifacts\preprocessor.pkl
[ 2026-07-14 08:56:03,006 ] 26 root - INFO - Starting model training...
[ 2026-07-14 08:56:03,006 ] 30 root - INFO - splitting train and test input data
[ 2026-07-14 08:56:03,009 ] 31 root - INFO - Tuning hyperparameters for: Linear Regression
[ 2026-07-14 08:56:13,439 ] 31 root - INFO - Tuning hyperparameters for: Lasso
[ 2026-07-14 08:56:20,770 ] 31 root - INFO - Tuning hyperparameters for: Ridge
[ 2026-07-14 08:56:23,273 ] 31 root - INFO - Tuning hyperparameters for: K-Neighbors Regressor
[ 2026-07-14 08:56:35,905 ] 31 root - INFO - Tuning hyperparameters for: Decision Tree
[ 2026-07-14 08:56:37,110 ] 31 root - INFO - Tuning hyperparameters for: Random Forest Regressor
[ 2026-07-14 08:57:04,026 ] 31 root - INFO - Tuning hyperparameters for: XGBRegressor
[ 2026-07-14 08:57:49,055 ] 31 root - INFO - Tuning hyperparameters for: CatBoosting Regressor
[ 2026-07-14 08:58:37,144 ] 31 root - INFO - Tuning hyperparameters for: AdaBoost Regressor
[ 2026-07-14 09:04:33,671 ] 119 root - INFO - Best model found: XGBRegressor with R2 score of 0.9921818355133775
[ 2026-07-14 09:04:33,736 ] 124 root - INFO - Best model saved
[ 2026-07-14 09:04:33,862 ] 30 root - INFO - Model training completed. Model R2 Score: 0.9921818355133775
